0
23
0
0
0
0
0
16
10
11
4
5
13
26
0
0
6
15
0
24
0
23
5
0
0
0
0
14
0
8
23
0
0
0
0
0
17
0
15
0
21
0
0
0
0
11
8
0
15
0
0
0
17
0
0
0
0
18
0
10
0
17
0
8
0
11
20
16
7
12
17
3
0
0
11
26
0
16
0
0
9
0
0
0
0
0
11
24
15
9
0
0
0
0
0
11
21
0
13
0
0
0
0
0
15
15
0
0
11
21
0
0
13
9
0
15
0
0
0
7
21
15
0
20
19
0
98765372
17
0
15
10
0
0
11
12
22
0
0
0
22
0
0
21
25
17
0
19
0
16
0
19
18
0
0
17
0
21
14
17
0
19
0
16
0
12
0
18
19
0
16
0
0
8
6
18
22
0
0
0
14
10
0
20
0
19
19
0
14
0
0
8
0
13
0
0
18
15
23
11
6
7
8
21
0
14
9
9
0
25
9
0
1
0
0
0
0
0
10
0
20
0
11
21
0
0
0
14
0
0
0
18
0
13
0
17
0
25
18
0
25
0
0
11
0
0
14
0
15
0
0
0
11
19
14
14
0
0
21
12
15
0
13
0
18
21
14
17
0
13
0
0
8
0
7
0
11
22
4
0
15
0
0
0
0
15
11
0
0
21
0
24
0
0
0
916898158
12
15
0
7
9
0
0
11
0
19
3
0
17
25
0
14
20
0
9
24
0
2
0
0
0
319391182
3
0
0
20
0
0
11
0
13
0
0
8
20
11
7
18
21
0
0
0
0
550302749
0
644054146
14
0
0
14
12
14
0
354475285
6
0
19
18
0
27
0
20
0
0
20
13
0
0
17
0
0
0
15
0
7
0
281240420
12
0
550302749
6
16
12
331471390
0
18
0
13
12
0
0
18
0
0
0
11
13
13
0
0
28
20
0
16
5
23
17
10
0
0
0
2
18
19
17
18
0
15
0
21
21
8
11
28
16
0
19
12
185969059
0
19
8
18
0
12
18
0
11
0
16
0
7
0
0
0
26
0
0
0
0
0
18
0
8
9
15
19
4
10
0
7
20
18
21
0
0
5
0
0
0
19
15
0
0
15
379826482
5
19
16
16
0
0
0
0
0
0
0
0
7
15
0
0
15
10
9
11
19697079
9
0
0
536546636
0
16
22
0
12
0
0
20
0
0
0
26
0
6
23
0
0
11
0
0
0
21
0
0
0
14
23
22
0
22
4
16
485365414
0
11
0
27
12
127653062
0
19
0
0
22
9
24
105778858
0
0
0
12
0
17
0
12
12
0
0
0
11
0
10
8
10
10
0
0
0
0
15
0
0
0
0
0
0
0
0
18
20
19
0
11
0
0
0
12
23
26
0
0
0
22
10
20
0
0
19
20
0
0
0
0
20
16
23
0
20
0
0
16
9
0
0
16
13
9
24
23
9
0
0
595713661
0
0
16
22
15
15
0
20
8
0
10
18
0
23
22
16
12
0
19
0
21
0
12
0
10
0
0
24
0
15
0
0
30
0
11
18
0
0
12
14
0
12
8
0
