0
0
0
4
17
19
0
25
0
0
0
26
14
0
0
14
0
10
0
16
0
0
0
0
0
0
0
0
0
0
15
22
14
0
5
9
0
18
5
0
0
23
0
0
0
0
23
0
0
15
0
0
15
27
0
26
23
24
11
23
29
15
10
16
17
0
21
0
0
17
0
0
0
15
0
0
0
8
15
0
11
27
0
0
0
0
0
0
6
0
8
28
9
20
0
21
0
21
21
8
11
21
486630893
0
791359865
10
21
0
11
0
0
15
0
16
12
17
16
0
0
20
0
0
16
0
0
0
0
0
10
12
0
17
13
20
24
0
0
0
0
8
0
0
24
12
24
11
0
0
0
0
0
0
0
0
15
0
17
0
10
18
22
0
0
0
0
10
0
0
0
0
0
20
24
12
13
0
17
0
10
0
18
0
0
12
0
0
5
0
8
6
4
21
21
12
0
21
0
17
24
11
19
19
0
0
0
0
0
557058175
0
0
9
0
0
0
16
17
10
0
8
10
12
0
7
0
24
0
14
16
0
17
0
8
15
0
11
8
0
378970700
9
17
15
0
0
0
0
0
19
15
0
6
17
0
0
11
14
5
0
16
4
0
0
0
18
0
0
0
0
19
0
7
0
0
0
850434012
24
0
0
0
0
466006430
0
0
0
7
0
12
11
0
13
0
13
0
0
5
15
0
0
20
26
0
8
24
0
24
0
8
18
0
0
2
0
18
0
20
21
0
10
12
18
15
0
0
0
11
12
0
0
5
0
6
0
0
0
0
0
0
0
0
0
17
16
7
20
0
5
0
0
0
17
0
17
0
0
17
18
0
0
13
17
15
0
0
0
0
0
0
0
0
14
0
0
23
0
9
9
0
8
21
0
0
13
8
11
157867712
10
0
11
14
15
0
0
12
0
13
9
20
23
0
0
0
0
889962929
0
0
15
0
0
10
0
15
13
0
0
0
0
0
0
0
20
18
15
0
20
17
18
18
0
16
0
762146297
15
15
11
14
18
0
17
26
10
0
0
0
16
0
21
19
21
0
0
598393953
21
0
0
0
10
0
18
3
0
0
13
0
22
0
0
13
0
0
0
0
0
14
15
20
0
22
20
16
176517197
892535747
6
15
10
0
0
22
13
13
0
0
0
0
0
0
8
12
0
16
12
19
19
0
0
0
16525423
0
18
20
15
17
18
22
15
13
0
7
24
0
0
985335537
0
20
18
0
0
0
1
0
799078698
0
0
18
15
0
0
0
18
10
17
0
11
0
15
0
18
0
0
10693273
15
0
0
19
0
0
0
0
7
17
0
0
0
22
0
15
0
0
13
9
0
17
0
10
0
3
0
533464023
0
0
14
0
24
0
0
769482493
7
0
0
0
19
168254180
11
0
10
0
21
23
17
0
0
0
13
10
11
0
14
9
0
7
0
12
0
24
18
10
381059956
12
0
14
0
0
15
18
20
0
497681545
0
0
0
0
3
0
16
20
14
0
13
14
0
0
12
75164673
0
0
0
719347171
9
24
18
0
0
18
0
0
20
15
174089700
823936674
0
