36
12
21
28
32
0
0
22
0
0
16
21
0
22
24
0
26
0
36
0
43
0
29
0
32
15
28
0
0
0
40
48
0
0
20
27
43
8
0
0
26
13
17
33
35
34
32
45
0
33
0
23
29
0
32
0
0
42
0
44
0
30
0
10
27
20
0
0
28
0
0
25
33
0
19
32
0
36
24
0
0
22
0
0
0
39
43
0
0
44
15
0
0
28
18
27
0
0
42
0
0
18
43
0
0
24
0
24
0
0
31
0
0
44
0
0
30
34
0
0
0
6
28
35
0
7
5
0
0
0
42
30
46
0
16
0
0
42
29
26
16
39
0
34
20
0
48
0
47
27
34
0
35
17
34
20
0
0
0
0
0
34
0
0
0
22
0
0
0
0
47
3
0
11
0
24
29
42
27
0
0
0
0
0
40
31
0
35
8
34
0
49
17
0
34
30
19
0
41
14
0
0
0
0
0
0
43
41
27
24
18
32
29
35
25
0
0
32
0
0
0
0
0
18
12
34
20
21
0
31
0
0
0
25
0
0
0
0
0
0
0
0
46
27
0
0
0
31
0
19
0
39
12
23
0
50
0
18
0
0
0
24
39
33
0
0
19
36
36
18
30
0
39
33
23
0
42
23
0
0
19
38
32
35
22
0
0
0
0
9
36
0
0
33
36
0
0
22
32
0
0
0
33
19
0
40
0
26
0
25
17
0
30
42
0
37
48
29
20
0
15
0
0
29
0
0
39
28
0
29
31
16
27
0
0
0
27
0
0
23
23
20
33
0
0
0
0
43
0
0
33
22
45
26
0
0
0
28
42
18
0
0
0
0
0
32
0
20
37
0
26
31
0
25
0
52
36
0
40
0
19
25
34
0
0
20
0
0
0
0
18
30
0
0
13
0
26
36
45
0
9
0
0
0
35
0
0
0
0
32
0
35
0
12
32
30
0
41
22
0
31
23
0
0
0
33
38
44
26
25
20
20
25
18
28
45
33
9
0
19
22
0
21
19
20
0
45
22
0
0
13
31
39
9
0
0
0
0
0
44
39
0
0
25
0
27
34
27
0
24
16
16
0
0
44
0
22
0
0
0
27
0
0
26
47
21
15
0
0
26
0
0
3
0
0
34
0
0
25
0
40
18
28
11
0
0
43
0
29
24
0
16
27
52
29
0
22
16
0
33
45
34
0
41
40
13
27
0
0
0
36
0
48
0
0
0
7
0
0
31
26
27
0
37
0
38
29
32
32
0
0
0
17
28
0
20
37
39
22
0
0
0
9
0
36
0
0
0
28
25
35
10
0
0
0
0
0
30
0
0
0
0
41
36
40
0
33
30
33
17
33
28
0
36
0
21
0
0
18
16
0
23
0
23
21
22
0
29
0
47
17
0
23
0
17
0
0
0
30
0
31
0
0
0
0
32
0
31
30
30
19
0
0
0
0
0
34
46
25
0
24
0
0
25
0
0
11
23
52
16
20
0
0
0
0
0
0
0
19
29
19
36
0
41
26
0
0
31
21
0
